<?xml version="1.0" encoding="UTF-8"?>
<testng-results ignored="0" total="1" passed="1" failed="0" skipped="0">
  <reporter-output>
  </reporter-output>
  <suite started-at="2024-03-27T16:31:11 IST" name="Default suite" finished-at="2024-03-27T16:31:29 IST" duration-ms="18069">
    <groups>
    </groups>
    <test started-at="2024-03-27T16:31:11 IST" name="Default test" finished-at="2024-03-27T16:31:29 IST" duration-ms="18069">
      <class name="driverfractory.Apptest">
        <test-method signature="kickstart()[pri:0, instance:driverfractory.Apptest@49139829]" started-at="2024-03-27T16:31:11 IST" name="kickstart" finished-at="2024-03-27T16:31:29 IST" duration-ms="18027" status="PASS">
          <reporter-output>
          </reporter-output>
        </test-method> <!-- kickstart -->
      </class> <!-- driverfractory.Apptest -->
    </test> <!-- Default test -->
  </suite> <!-- Default suite -->
</testng-results>
